Using pre-set license
Built from '2020.3/staging' branch; Version is '2020.3.5f1 (8095aa901b9b) revision 8426922'; Using compiler version '192528614'; Build Type 'Release'
OS: 'Windows 10 Pro; OS build 19044.2364; Version 2009; 64bit' Language: 'en' Physical Memory: 4004 MB
BatchMode: 1, IsHumanControllingUs: 0, StartBugReporterOnCrash: 0, Is64bit: 1, IsPro: 0

 COMMAND LINE ARGUMENTS:
D:\CET REVIEWER\2020.3.5f1\Editor\Unity.exe
-adb2
-batchMode
-noUpm
-name
AssetImportWorker48
-projectPath
D:/CET REVIEWER/cpe40032-u4-lapay
-logFile
Logs/AssetImportWorker48.log
-srvPort
62425
Successfully changed project path to: D:/CET REVIEWER/cpe40032-u4-lapay
D:/CET REVIEWER/cpe40032-u4-lapay
Using Asset Import Pipeline V2.
Refreshing native plugins compatible for Editor in 88.75 ms, found 0 plugins.
Preloading 0 native plugins for Editor in 0.00 ms.
Initialize engine version: 2020.3.5f1 (8095aa901b9b)
[Subsystems] Discovering subsystems at path D:/CET REVIEWER/2020.3.5f1/Editor/Data/Resources/UnitySubsystems
[Subsystems] Discovering subsystems at path D:/CET REVIEWER/cpe40032-u4-lapay/Assets
GfxDevice: creating device client; threaded=0
Direct3D:
    Version:  Direct3D 11.0 [level 10.1]
    Renderer: Intel(R) HD Graphics 3000 (ID=0x116)
    Vendor:   
    VRAM:     128 MB
    Driver:   9.17.10.4459
Initialize mono
Mono path[0] = 'D:/CET REVIEWER/2020.3.5f1/Editor/Data/Managed'
Mono path[1] = 'D:/CET REVIEWER/2020.3.5f1/Editor/Data/MonoBleedingEdge/lib/mono/unityjit'
Mono config path = 'D:/CET REVIEWER/2020.3.5f1/Editor/Data/MonoBleedingEdge/etc'
Using monoOptions --debugger-agent=transport=dt_socket,embedding=1,server=y,suspend=n,address=127.0.0.1:56152
Begin MonoManager ReloadAssembly
Registering precompiled unity dll's ...
Trying to register platform support module: D:/CET REVIEWER/2020.3.5f1/Editor/Data/PlaybackEngines/WebGLSupport/UnityEditor.WebGL.Extensions.dll (that doesn't exist). Retrying without overrides.
Platform support module is not available: D:/CET REVIEWER/2020.3.5f1/Editor/Data/PlaybackEngines/WebGLSupport/UnityEditor.WebGL.Extensions.dll
Register platform support module: D:/CET REVIEWER/2020.3.5f1/Editor/Data/PlaybackEngines/MacStandaloneSupport/UnityEditor.OSXStandalone.Extensions.dll
Register platform support module: D:/CET REVIEWER/2020.3.5f1/Editor/Data/PlaybackEngines/WindowsStandaloneSupport/UnityEditor.WindowsStandalone.Extensions.dll
Register platform support module: D:/CET REVIEWER/2020.3.5f1/Editor/Data/PlaybackEngines/LinuxStandaloneSupport/UnityEditor.LinuxStandalone.Extensions.dll
Register platform support module: D:/CET REVIEWER/2020.3.5f1/Editor/Data/PlaybackEngines/LuminSupport/UnityEditor.Lumin.Extensions.dll
Registered in 0.013849 seconds.
Native extension for Lumin target not found
Native extension for LinuxStandalone target not found
Native extension for WindowsStandalone target not found
Native extension for OSXStandalone target not found
Refreshing native plugins compatible for Editor in 124.37 ms, found 0 plugins.
Preloading 0 native plugins for Editor in 0.00 ms.
Mono: successfully reloaded assembly
- Completed reload, in 15.265 seconds
Platform modules already initialized, skipping
Registering precompiled user dll's ...
Registered in 0.001324 seconds.
Begin MonoManager ReloadAssembly
Native extension for Lumin target not found
Native extension for LinuxStandalone target not found
Native extension for WindowsStandalone target not found
Native extension for OSXStandalone target not found
Refreshing native plugins compatible for Editor in 0.87 ms, found 0 plugins.
Preloading 0 native plugins for Editor in 0.00 ms.
Mono: successfully reloaded assembly
- Completed reload, in  5.694 seconds
Platform modules already initialized, skipping
========================================================================
Worker process is ready to serve import requests
Launched and connected shader compiler UnityShaderCompiler.exe after 2.25 seconds
Refreshing native plugins compatible for Editor in 0.95 ms, found 0 plugins.
Preloading 0 native plugins for Editor in 0.00 ms.
Unloading 1118 Unused Serialized files (Serialized files now loaded: 0)
System memory in use before: 57.7 MB.
System memory in use after: 57.7 MB.

Unloading 10 unused Assets to reduce memory usage. Loaded Objects now: 1563.
Total: 9.174800 ms (FindLiveObjects: 0.424600 ms CreateObjectMapping: 0.143700 ms MarkObjects: 8.257600 ms  DeleteObjects: 0.343300 ms)

========================================================================
Received Import Request.
  path: Assets/Scripts/Enemy.cs
  artifactKey: Guid(6378a7f3558536f4da1a2393964a2786) Importer(815301076,1909f56bfc062723c751e8b465ee728b)
Start importing Assets/Scripts/Enemy.cs using Guid(6378a7f3558536f4da1a2393964a2786) Importer(815301076,1909f56bfc062723c751e8b465ee728b)  -> (artifact id: 'fffba750850c946905595065e4f5d148') in 2.858525 seconds
  Import took 3.107397 seconds .

========================================================================
Received Import Request.
  Time since last request: 2102.997670 seconds.
  path: Assets/Course Library
  artifactKey: Guid(10a492cb0e85ae145b9cc221cc7928fa) Importer(815301076,1909f56bfc062723c751e8b465ee728b)
Start importing Assets/Course Library using Guid(10a492cb0e85ae145b9cc221cc7928fa) Importer(815301076,1909f56bfc062723c751e8b465ee728b)  -> (artifact id: '86f42c86187a1c7ecfd4bda3b9df62ea') in 0.877242 seconds
  Import took 1.889957 seconds .

========================================================================
Received Prepare
Registering precompiled user dll's ...
Registered in 0.364904 seconds.
Begin MonoManager ReloadAssembly
Native extension for Lumin target not found
Native extension for LinuxStandalone target not found
Native extension for WindowsStandalone target not found
Native extension for OSXStandalone target not found
Refreshing native plugins compatible for Editor in 13.60 ms, found 0 plugins.
Preloading 0 native plugins for Editor in 0.00 ms.
Mono: successfully reloaded assembly
- Completed reload, in 41.055 seconds
Platform modules already initialized, skipping
Refreshing native plugins compatible for Editor in 1.86 ms, found 0 plugins.
Preloading 0 native plugins for Editor in 0.00 ms.
Unloading 1113 Unused Serialized files (Serialized files now loaded: 0)
System memory in use before: 57.6 MB.
System memory in use after: 57.7 MB.

Unloading 5 unused Assets to reduce memory usage. Loaded Objects now: 1566.
Total: 404.936000 ms (FindLiveObjects: 0.561700 ms CreateObjectMapping: 0.190700 ms MarkObjects: 403.039700 ms  DeleteObjects: 1.134600 ms)

========================================================================
Received Import Request.
  Time since last request: 2322.665643 seconds.
  path: Assets/Scripts/Enemy.cs
  artifactKey: Guid(6378a7f3558536f4da1a2393964a2786) Importer(815301076,1909f56bfc062723c751e8b465ee728b)
Start importing Assets/Scripts/Enemy.cs using Guid(6378a7f3558536f4da1a2393964a2786) Importer(815301076,1909f56bfc062723c751e8b465ee728b)  -> (artifact id: '94947449c87570630abe01093fe5183c') in 0.406240 seconds
  Import took 0.548211 seconds .

========================================================================
Received Prepare
Registering precompiled user dll's ...
Registered in 0.003074 seconds.
Begin MonoManager ReloadAssembly
Native extension for Lumin target not found
Native extension for LinuxStandalone target not found
Native extension for WindowsStandalone target not found
Native extension for OSXStandalone target not found
Refreshing native plugins compatible for Editor in 1.17 ms, found 0 plugins.
Preloading 0 native plugins for Editor in 0.00 ms.
Mono: successfully reloaded assembly
- Completed reload, in  8.275 seconds
Platform modules already initialized, skipping
Refreshing native plugins compatible for Editor in 0.38 ms, found 0 plugins.
Preloading 0 native plugins for Editor in 0.00 ms.
Unloading 1113 Unused Serialized files (Serialized files now loaded: 0)
System memory in use before: 57.6 MB.
System memory in use after: 57.7 MB.

Unloading 5 unused Assets to reduce memory usage. Loaded Objects now: 1569.
Total: 29.143200 ms (FindLiveObjects: 0.322800 ms CreateObjectMapping: 0.089700 ms MarkObjects: 3.614200 ms  DeleteObjects: 25.113000 ms)

========================================================================
Received Import Request.
  Time since last request: 232.723047 seconds.
  path: Assets/Prefabs/Enemy.prefab
  artifactKey: Guid(ea3b194974fe62c4892e0b758d48333d) Importer(815301076,1909f56bfc062723c751e8b465ee728b)
Start importing Assets/Prefabs/Enemy.prefab using Guid(ea3b194974fe62c4892e0b758d48333d) Importer(815301076,1909f56bfc062723c751e8b465ee728b)  -> (artifact id: '11b0ec8b0070e9ecf561a906b3f6a9b1') in 4.675016 seconds
  Import took 4.724116 seconds .

========================================================================
Received Import Request.
  Time since last request: 28.797605 seconds.
  path: Assets/Scripts/SpawnManager.cs
  artifactKey: Guid(5dd9870c144bb004da42e28c4dec50b0) Importer(815301076,1909f56bfc062723c751e8b465ee728b)
Start importing Assets/Scripts/SpawnManager.cs using Guid(5dd9870c144bb004da42e28c4dec50b0) Importer(815301076,1909f56bfc062723c751e8b465ee728b)  -> (artifact id: '72eed923bb08a035183d4e4080c599c5') in 0.184450 seconds
  Import took 0.299324 seconds .

========================================================================
Received Prepare
Registering precompiled user dll's ...
Registered in 0.002665 seconds.
Begin MonoManager ReloadAssembly
Native extension for Lumin target not found
Native extension for LinuxStandalone target not found
Native extension for WindowsStandalone target not found
Native extension for OSXStandalone target not found
Refreshing native plugins compatible for Editor in 0.49 ms, found 0 plugins.
Preloading 0 native plugins for Editor in 0.00 ms.
Mono: successfully reloaded assembly
- Completed reload, in  4.648 seconds
Platform modules already initialized, skipping
Refreshing native plugins compatible for Editor in 0.46 ms, found 0 plugins.
Preloading 0 native plugins for Editor in 0.00 ms.
Unloading 1114 Unused Serialized files (Serialized files now loaded: 0)
System memory in use before: 60.8 MB.
System memory in use after: 60.9 MB.

Unloading 5 unused Assets to reduce memory usage. Loaded Objects now: 1581.
Total: 2.707600 ms (FindLiveObjects: 0.190200 ms CreateObjectMapping: 0.070200 ms MarkObjects: 2.357900 ms  DeleteObjects: 0.086400 ms)

========================================================================
Received Prepare
Registering precompiled user dll's ...
Registered in 0.002685 seconds.
Begin MonoManager ReloadAssembly
Native extension for Lumin target not found
Native extension for LinuxStandalone target not found
Native extension for WindowsStandalone target not found
Native extension for OSXStandalone target not found
Refreshing native plugins compatible for Editor in 0.53 ms, found 0 plugins.
Preloading 0 native plugins for Editor in 0.00 ms.
Mono: successfully reloaded assembly
- Completed reload, in  5.792 seconds
Platform modules already initialized, skipping
Refreshing native plugins compatible for Editor in 0.78 ms, found 0 plugins.
Preloading 0 native plugins for Editor in 0.00 ms.
Unloading 1114 Unused Serialized files (Serialized files now loaded: 0)
System memory in use before: 60.8 MB.
System memory in use after: 60.9 MB.

Unloading 5 unused Assets to reduce memory usage. Loaded Objects now: 1584.
Total: 5.872700 ms (FindLiveObjects: 0.296800 ms CreateObjectMapping: 0.108400 ms MarkObjects: 5.306600 ms  DeleteObjects: 0.156500 ms)

========================================================================
Received Prepare
Registering precompiled user dll's ...
Registered in 0.001999 seconds.
Begin MonoManager ReloadAssembly
Native extension for Lumin target not found
Native extension for LinuxStandalone target not found
Native extension for WindowsStandalone target not found
Native extension for OSXStandalone target not found
Refreshing native plugins compatible for Editor in 0.48 ms, found 0 plugins.
Preloading 0 native plugins for Editor in 0.00 ms.
Mono: successfully reloaded assembly
- Completed reload, in  5.382 seconds
Platform modules already initialized, skipping
Refreshing native plugins compatible for Editor in 0.57 ms, found 0 plugins.
Preloading 0 native plugins for Editor in 0.00 ms.
Unloading 1114 Unused Serialized files (Serialized files now loaded: 0)
System memory in use before: 60.9 MB.
System memory in use after: 60.9 MB.

Unloading 5 unused Assets to reduce memory usage. Loaded Objects now: 1587.
Total: 4.612200 ms (FindLiveObjects: 0.302400 ms CreateObjectMapping: 0.101200 ms MarkObjects: 4.085700 ms  DeleteObjects: 0.118800 ms)

========================================================================
Received Import Request.
  Time since last request: 62.514412 seconds.
  path: Assets/Scripts/Enemy.cs
  artifactKey: Guid(6378a7f3558536f4da1a2393964a2786) Importer(815301076,1909f56bfc062723c751e8b465ee728b)
Start importing Assets/Scripts/Enemy.cs using Guid(6378a7f3558536f4da1a2393964a2786) Importer(815301076,1909f56bfc062723c751e8b465ee728b)  -> (artifact id: '30138e61150478ba4619c4d0f6a663ba') in 0.094665 seconds
  Import took 0.249528 seconds .

========================================================================
Received Prepare
Registering precompiled user dll's ...
Registered in 0.002619 seconds.
Begin MonoManager ReloadAssembly
Native extension for Lumin target not found
Native extension for LinuxStandalone target not found
Native extension for WindowsStandalone target not found
Native extension for OSXStandalone target not found
Refreshing native plugins compatible for Editor in 1.46 ms, found 0 plugins.
Preloading 0 native plugins for Editor in 0.00 ms.
Mono: successfully reloaded assembly
- Completed reload, in  7.290 seconds
Platform modules already initialized, skipping
Refreshing native plugins compatible for Editor in 0.46 ms, found 0 plugins.
Preloading 0 native plugins for Editor in 0.00 ms.
Unloading 1114 Unused Serialized files (Serialized files now loaded: 0)
System memory in use before: 60.9 MB.
System memory in use after: 60.9 MB.

Unloading 5 unused Assets to reduce memory usage. Loaded Objects now: 1590.
Total: 2.732600 ms (FindLiveObjects: 0.262600 ms CreateObjectMapping: 0.084100 ms MarkObjects: 2.278800 ms  DeleteObjects: 0.103500 ms)

========================================================================
Received Prepare
Registering precompiled user dll's ...
Registered in 0.001505 seconds.
Begin MonoManager ReloadAssembly
Native extension for Lumin target not found
Native extension for LinuxStandalone target not found
Native extension for WindowsStandalone target not found
Native extension for OSXStandalone target not found
Refreshing native plugins compatible for Editor in 0.96 ms, found 0 plugins.
Preloading 0 native plugins for Editor in 0.00 ms.
Mono: successfully reloaded assembly
- Completed reload, in  6.052 seconds
Platform modules already initialized, skipping
Refreshing native plugins compatible for Editor in 0.92 ms, found 0 plugins.
Preloading 0 native plugins for Editor in 0.00 ms.
Unloading 1114 Unused Serialized files (Serialized files now loaded: 0)
System memory in use before: 60.9 MB.
System memory in use after: 60.9 MB.

Unloading 5 unused Assets to reduce memory usage. Loaded Objects now: 1593.
Total: 15.448700 ms (FindLiveObjects: 0.980900 ms CreateObjectMapping: 0.466800 ms MarkObjects: 7.891700 ms  DeleteObjects: 6.099600 ms)

========================================================================
Received Prepare
Registering precompiled user dll's ...
Registered in 0.001385 seconds.
Begin MonoManager ReloadAssembly
Native extension for Lumin target not found
Native extension for LinuxStandalone target not found
Native extension for WindowsStandalone target not found
Native extension for OSXStandalone target not found
Refreshing native plugins compatible for Editor in 1.23 ms, found 0 plugins.
Preloading 0 native plugins for Editor in 0.00 ms.
Mono: successfully reloaded assembly
- Completed reload, in  4.629 seconds
Platform modules already initialized, skipping
Refreshing native plugins compatible for Editor in 0.66 ms, found 0 plugins.
Preloading 0 native plugins for Editor in 0.00 ms.
Unloading 1114 Unused Serialized files (Serialized files now loaded: 0)
System memory in use before: 60.9 MB.
System memory in use after: 60.9 MB.

Unloading 5 unused Assets to reduce memory usage. Loaded Objects now: 1596.
Total: 4.886600 ms (FindLiveObjects: 0.341900 ms CreateObjectMapping: 0.089900 ms MarkObjects: 4.258100 ms  DeleteObjects: 0.192300 ms)

========================================================================
Received Prepare
Registering precompiled user dll's ...
Registered in 0.001870 seconds.
Begin MonoManager ReloadAssembly
Native extension for Lumin target not found
Native extension for LinuxStandalone target not found
Native extension for WindowsStandalone target not found
Native extension for OSXStandalone target not found
Refreshing native plugins compatible for Editor in 3.10 ms, found 0 plugins.
Preloading 0 native plugins for Editor in 0.00 ms.
Mono: successfully reloaded assembly
- Completed reload, in  6.422 seconds
Platform modules already initialized, skipping
Refreshing native plugins compatible for Editor in 0.54 ms, found 0 plugins.
Preloading 0 native plugins for Editor in 0.00 ms.
Unloading 1114 Unused Serialized files (Serialized files now loaded: 0)
System memory in use before: 60.9 MB.
System memory in use after: 60.9 MB.

Unloading 5 unused Assets to reduce memory usage. Loaded Objects now: 1599.
Total: 3.028100 ms (FindLiveObjects: 0.465800 ms CreateObjectMapping: 0.083500 ms MarkObjects: 2.386800 ms  DeleteObjects: 0.089300 ms)

========================================================================
Received Prepare
Registering precompiled user dll's ...
Registered in 0.001226 seconds.
Begin MonoManager ReloadAssembly
Native extension for Lumin target not found
Native extension for LinuxStandalone target not found
Native extension for WindowsStandalone target not found
Native extension for OSXStandalone target not found
Refreshing native plugins compatible for Editor in 1.38 ms, found 0 plugins.
Preloading 0 native plugins for Editor in 0.00 ms.
Mono: successfully reloaded assembly
- Completed reload, in  5.969 seconds
Platform modules already initialized, skipping
Refreshing native plugins compatible for Editor in 0.75 ms, found 0 plugins.
Preloading 0 native plugins for Editor in 0.00 ms.
Unloading 1114 Unused Serialized files (Serialized files now loaded: 0)
System memory in use before: 60.9 MB.
System memory in use after: 61.0 MB.

Unloading 5 unused Assets to reduce memory usage. Loaded Objects now: 1602.
Total: 11.564700 ms (FindLiveObjects: 0.467100 ms CreateObjectMapping: 0.189300 ms MarkObjects: 10.703000 ms  DeleteObjects: 0.198700 ms)

========================================================================
Received Import Request.
  Time since last request: 1516.879756 seconds.
  path: Assets/Physics Material/Bouncy.physicMaterial
  artifactKey: Guid(c21527b994b734043a6f4967f555f648) Importer(815301076,1909f56bfc062723c751e8b465ee728b)
Start importing Assets/Physics Material/Bouncy.physicMaterial using Guid(c21527b994b734043a6f4967f555f648) Importer(815301076,1909f56bfc062723c751e8b465ee728b)  -> (artifact id: '69556e4b67bb677ae4294acc9e8fc604') in 0.633218 seconds
  Import took 0.670087 seconds .

========================================================================
Received Import Request.
  Time since last request: 87.400015 seconds.
  path: Assets/Physics Material
  artifactKey: Guid(ba0dad104749cbf4cb65fdbff111a885) Importer(815301076,1909f56bfc062723c751e8b465ee728b)
Start importing Assets/Physics Material using Guid(ba0dad104749cbf4cb65fdbff111a885) Importer(815301076,1909f56bfc062723c751e8b465ee728b)  -> (artifact id: '14f719a8e7676f861cb9d0071f4c4e67') in 0.070183 seconds
  Import took 0.128239 seconds .

========================================================================
Received Import Request.
  Time since last request: 177.343098 seconds.
  path: Assets/Course Library/Pickups/Gem_01.prefab
  artifactKey: Guid(9e928de923724f54ea836e735efdd8b6) Importer(815301076,1909f56bfc062723c751e8b465ee728b)
Start importing Assets/Course Library/Pickups/Gem_01.prefab using Guid(9e928de923724f54ea836e735efdd8b6) Importer(815301076,1909f56bfc062723c751e8b465ee728b)  -> (artifact id: 'b4f4ed33710826e0d8525723fc0b3d6d') in 1.802065 seconds
  Import took 2.224327 seconds .

========================================================================
Received Import Request.
  Time since last request: 6.719907 seconds.
  path: Assets/Course Library/Pickups/DollarSign.prefab
  artifactKey: Guid(a8a06204dcfa9784b86eba87c2e0a1a2) Importer(815301076,1909f56bfc062723c751e8b465ee728b)
Start importing Assets/Course Library/Pickups/DollarSign.prefab using Guid(a8a06204dcfa9784b86eba87c2e0a1a2) Importer(815301076,1909f56bfc062723c751e8b465ee728b)  -> (artifact id: 'c2bf438e7f7bae6056f15eab91ee8113') in 4.845569 seconds
  Import took 4.941354 seconds .

========================================================================
Received Import Request.
  Time since last request: 0.999583 seconds.
  path: Assets/Course Library/Pickups/Potion_01.prefab
  artifactKey: Guid(2f3e352268bf84b45acf0d56b0b89518) Importer(815301076,1909f56bfc062723c751e8b465ee728b)
Start importing Assets/Course Library/Pickups/Potion_01.prefab using Guid(2f3e352268bf84b45acf0d56b0b89518) Importer(815301076,1909f56bfc062723c751e8b465ee728b)  -> (artifact id: '1555d9e6a0718db70a1847e3afc2e148') in 0.378336 seconds
  Import took 0.411837 seconds .

========================================================================
Received Import Request.
  Time since last request: 1.884014 seconds.
  path: Assets/Course Library/Pickups/MultiplierIcon.prefab
  artifactKey: Guid(ceb1bef3d4abc9344b89436369737113) Importer(815301076,1909f56bfc062723c751e8b465ee728b)
Start importing Assets/Course Library/Pickups/MultiplierIcon.prefab using Guid(ceb1bef3d4abc9344b89436369737113) Importer(815301076,1909f56bfc062723c751e8b465ee728b)  -> (artifact id: '5ee2e2d078d313b404ecc7eb25d184c8') in 0.330538 seconds
  Import took 0.404030 seconds .

========================================================================
Received Import Request.
  Time since last request: 1.316618 seconds.
  path: Assets/Course Library/Pickups/GoldCupIcon.prefab
  artifactKey: Guid(f20d096cd65070b4a89b6957463d432d) Importer(815301076,1909f56bfc062723c751e8b465ee728b)
Start importing Assets/Course Library/Pickups/GoldCupIcon.prefab using Guid(f20d096cd65070b4a89b6957463d432d) Importer(815301076,1909f56bfc062723c751e8b465ee728b)  -> (artifact id: '103faf5254561956c793b35d406fb7f6') in 0.680901 seconds
  Import took 0.728900 seconds .

========================================================================
Received Import Request.
  Time since last request: 1.652819 seconds.
  path: Assets/Course Library/Pickups/PowerIcon.prefab
  artifactKey: Guid(0782c4fdae5f1624ba26300a1dc7a0a7) Importer(815301076,1909f56bfc062723c751e8b465ee728b)
Start importing Assets/Course Library/Pickups/PowerIcon.prefab using Guid(0782c4fdae5f1624ba26300a1dc7a0a7) Importer(815301076,1909f56bfc062723c751e8b465ee728b)  -> (artifact id: 'fe4fe1de1280fdc19f18eb2ad6813675') in 0.368872 seconds
  Import took 0.414523 seconds .

========================================================================
Received Import Request.
  Time since last request: 0.772401 seconds.
  path: Assets/Course Library/Pickups/RadiationIcon.prefab
  artifactKey: Guid(6f3d65a695e7abd46bde807842983d4a) Importer(815301076,1909f56bfc062723c751e8b465ee728b)
Start importing Assets/Course Library/Pickups/RadiationIcon.prefab using Guid(6f3d65a695e7abd46bde807842983d4a) Importer(815301076,1909f56bfc062723c751e8b465ee728b)  -> (artifact id: '8a6f293d58fa83fc99770d56ecfa88a8') in 0.157490 seconds
  Import took 0.166304 seconds .

========================================================================
Received Import Request.
  Time since last request: 1.901769 seconds.
  path: Assets/Course Library/Pickups/RepairIcon.prefab
  artifactKey: Guid(510349479745aac4b9209e9326e42601) Importer(815301076,1909f56bfc062723c751e8b465ee728b)
Start importing Assets/Course Library/Pickups/RepairIcon.prefab using Guid(510349479745aac4b9209e9326e42601) Importer(815301076,1909f56bfc062723c751e8b465ee728b)  -> (artifact id: '44af721aceba4843a817717dfb043b29') in 0.379563 seconds
  Import took 0.416595 seconds .

========================================================================
Received Import Request.
  Time since last request: 0.880638 seconds.
  path: Assets/Course Library/Pickups/Star_01.prefab
  artifactKey: Guid(7bc251a7285632341a306c70a8f1cfbe) Importer(815301076,1909f56bfc062723c751e8b465ee728b)
Start importing Assets/Course Library/Pickups/Star_01.prefab using Guid(7bc251a7285632341a306c70a8f1cfbe) Importer(815301076,1909f56bfc062723c751e8b465ee728b)  -> (artifact id: '0958df921f17a8f5ea920cce20f1e35d') in 0.350421 seconds
  Import took 0.384294 seconds .

========================================================================
Received Prepare
Registering precompiled user dll's ...
Registered in 0.002029 seconds.
Begin MonoManager ReloadAssembly
Native extension for Lumin target not found
Native extension for LinuxStandalone target not found
Native extension for WindowsStandalone target not found
Native extension for OSXStandalone target not found
Refreshing native plugins compatible for Editor in 0.49 ms, found 0 plugins.
Preloading 0 native plugins for Editor in 0.00 ms.
Mono: successfully reloaded assembly
- Completed reload, in  2.600 seconds
Platform modules already initialized, skipping
Refreshing native plugins compatible for Editor in 1.64 ms, found 0 plugins.
Preloading 0 native plugins for Editor in 0.00 ms.
Unloading 1114 Unused Serialized files (Serialized files now loaded: 0)
System memory in use before: 61.2 MB.
System memory in use after: 61.3 MB.

Unloading 5 unused Assets to reduce memory usage. Loaded Objects now: 1608.
Total: 7.406500 ms (FindLiveObjects: 0.934500 ms CreateObjectMapping: 0.459400 ms MarkObjects: 5.851200 ms  DeleteObjects: 0.153500 ms)

========================================================================
Received Import Request.
  Time since last request: 162.408516 seconds.
  path: Assets/Prefabs/Powerup.prefab
  artifactKey: Guid(3dec8ade29b438246893362631947b3b) Importer(815301076,1909f56bfc062723c751e8b465ee728b)
Start importing Assets/Prefabs/Powerup.prefab using Guid(3dec8ade29b438246893362631947b3b) Importer(815301076,1909f56bfc062723c751e8b465ee728b)  -> (artifact id: '2b9b9319673944404e85a5f9dc07497d') in 0.530902 seconds
  Import took 0.564345 seconds .

========================================================================
Received Import Request.
  Time since last request: 5.204696 seconds.
  path: ProjectSettings/TagManager.asset
  artifactKey: Guid(00000000000000003000000000000000) Importer(815301076,1909f56bfc062723c751e8b465ee728b)
Start importing ProjectSettings/TagManager.asset using Guid(00000000000000003000000000000000) Importer(815301076,1909f56bfc062723c751e8b465ee728b)  -> (artifact id: '0cf9088148c8a3cbd29f9a356fcbb966') in 0.059920 seconds
  Import took 0.095919 seconds .

========================================================================
Received Import Request.
  Time since last request: 0.047195 seconds.
  path: ProjectSettings/TagManager.asset
  artifactKey: Guid(00000000000000003000000000000000) Importer(815301076,1909f56bfc062723c751e8b465ee728b)
Start importing ProjectSettings/TagManager.asset using Guid(00000000000000003000000000000000) Importer(815301076,1909f56bfc062723c751e8b465ee728b)  -> (artifact id: '0cf9088148c8a3cbd29f9a356fcbb966') in 0.081831 seconds
  Import took 0.109292 seconds .

========================================================================
Received Prepare
Registering precompiled user dll's ...
Registered in 0.001532 seconds.
Begin MonoManager ReloadAssembly
Native extension for Lumin target not found
Native extension for LinuxStandalone target not found
Native extension for WindowsStandalone target not found
Native extension for OSXStandalone target not found
Refreshing native plugins compatible for Editor in 0.88 ms, found 0 plugins.
Preloading 0 native plugins for Editor in 0.00 ms.
Mono: successfully reloaded assembly
- Completed reload, in  6.660 seconds
Platform modules already initialized, skipping
Refreshing native plugins compatible for Editor in 1.02 ms, found 0 plugins.
Preloading 0 native plugins for Editor in 0.00 ms.
Unloading 1114 Unused Serialized files (Serialized files now loaded: 0)
System memory in use before: 61.3 MB.
System memory in use after: 61.3 MB.

Unloading 7 unused Assets to reduce memory usage. Loaded Objects now: 1612.
Total: 5.533700 ms (FindLiveObjects: 0.348600 ms CreateObjectMapping: 0.134400 ms MarkObjects: 4.780900 ms  DeleteObjects: 0.263900 ms)

========================================================================
Received Prepare
Registering precompiled user dll's ...
Registered in 0.002401 seconds.
Begin MonoManager ReloadAssembly
Native extension for Lumin target not found
Native extension for LinuxStandalone target not found
Native extension for WindowsStandalone target not found
Native extension for OSXStandalone target not found
Refreshing native plugins compatible for Editor in 0.55 ms, found 0 plugins.
Preloading 0 native plugins for Editor in 0.00 ms.
Mono: successfully reloaded assembly
- Completed reload, in  4.463 seconds
Platform modules already initialized, skipping
Refreshing native plugins compatible for Editor in 0.73 ms, found 0 plugins.
Preloading 0 native plugins for Editor in 0.00 ms.
Unloading 1114 Unused Serialized files (Serialized files now loaded: 0)
System memory in use before: 61.2 MB.
System memory in use after: 61.3 MB.

Unloading 5 unused Assets to reduce memory usage. Loaded Objects now: 1615.
Total: 9.310800 ms (FindLiveObjects: 1.572700 ms CreateObjectMapping: 0.245300 ms MarkObjects: 7.306900 ms  DeleteObjects: 0.176400 ms)

========================================================================
Received Import Request.
  Time since last request: 511.952304 seconds.
  path: Assets/Prefabs/Enemy.prefab
  artifactKey: Guid(ea3b194974fe62c4892e0b758d48333d) Importer(815301076,1909f56bfc062723c751e8b465ee728b)
Start importing Assets/Prefabs/Enemy.prefab using Guid(ea3b194974fe62c4892e0b758d48333d) Importer(815301076,1909f56bfc062723c751e8b465ee728b)  -> (artifact id: '6e646e496d79ccaf17fc659f5b3f0c2d') in 2.734510 seconds
  Import took 2.844940 seconds .

========================================================================
Received Prepare
Registering precompiled user dll's ...
Registered in 0.007707 seconds.
Begin MonoManager ReloadAssembly
Native extension for Lumin target not found
Native extension for LinuxStandalone target not found
Native extension for WindowsStandalone target not found
Native extension for OSXStandalone target not found
Refreshing native plugins compatible for Editor in 1.72 ms, found 0 plugins.
Preloading 0 native plugins for Editor in 0.00 ms.
Mono: successfully reloaded assembly
- Completed reload, in 61.661 seconds
Platform modules already initialized, skipping
Refreshing native plugins compatible for Editor in 1.88 ms, found 0 plugins.
Preloading 0 native plugins for Editor in 0.00 ms.
Unloading 1114 Unused Serialized files (Serialized files now loaded: 0)
System memory in use before: 61.3 MB.
System memory in use after: 61.3 MB.

Unloading 5 unused Assets to reduce memory usage. Loaded Objects now: 1619.
Total: 969.228900 ms (FindLiveObjects: 1.121600 ms CreateObjectMapping: 0.740800 ms MarkObjects: 499.014900 ms  DeleteObjects: 468.333800 ms)

========================================================================
Received Prepare
Registering precompiled user dll's ...
Registered in 0.386599 seconds.
Begin MonoManager ReloadAssembly
Native extension for Lumin target not found
Native extension for LinuxStandalone target not found
Native extension for WindowsStandalone target not found
Native extension for OSXStandalone target not found
Refreshing native plugins compatible for Editor in 1.26 ms, found 0 plugins.
Preloading 0 native plugins for Editor in 0.00 ms.
Mono: successfully reloaded assembly
- Completed reload, in 71.379 seconds
Platform modules already initialized, skipping
Refreshing native plugins compatible for Editor in 0.95 ms, found 0 plugins.
Preloading 0 native plugins for Editor in 0.00 ms.
Unloading 1114 Unused Serialized files (Serialized files now loaded: 0)
System memory in use before: 61.3 MB.
System memory in use after: 61.3 MB.

Unloading 5 unused Assets to reduce memory usage. Loaded Objects now: 1622.
Total: 14.243700 ms (FindLiveObjects: 0.942700 ms CreateObjectMapping: 0.322600 ms MarkObjects: 8.795500 ms  DeleteObjects: 4.175100 ms)

========================================================================
Received Prepare
Registering precompiled user dll's ...
Registered in 0.003419 seconds.
Begin MonoManager ReloadAssembly
Native extension for Lumin target not found
Native extension for LinuxStandalone target not found
Native extension for WindowsStandalone target not found
Native extension for OSXStandalone target not found
Refreshing native plugins compatible for Editor in 0.59 ms, found 0 plugins.
Preloading 0 native plugins for Editor in 0.00 ms.
Mono: successfully reloaded assembly
- Completed reload, in  5.792 seconds
Platform modules already initialized, skipping
Refreshing native plugins compatible for Editor in 0.47 ms, found 0 plugins.
Preloading 0 native plugins for Editor in 0.00 ms.
Unloading 1114 Unused Serialized files (Serialized files now loaded: 0)
System memory in use before: 61.3 MB.
System memory in use after: 61.3 MB.

Unloading 5 unused Assets to reduce memory usage. Loaded Objects now: 1625.
Total: 10.799000 ms (FindLiveObjects: 0.474100 ms CreateObjectMapping: 0.176500 ms MarkObjects: 8.426800 ms  DeleteObjects: 1.716400 ms)

========================================================================
Received Prepare
Registering precompiled user dll's ...
Registered in 0.004295 seconds.
Begin MonoManager ReloadAssembly
Native extension for Lumin target not found
Native extension for LinuxStandalone target not found
Native extension for WindowsStandalone target not found
Native extension for OSXStandalone target not found
Refreshing native plugins compatible for Editor in 0.86 ms, found 0 plugins.
Preloading 0 native plugins for Editor in 0.00 ms.
Mono: successfully reloaded assembly
- Completed reload, in  7.517 seconds
Platform modules already initialized, skipping
Refreshing native plugins compatible for Editor in 0.78 ms, found 0 plugins.
Preloading 0 native plugins for Editor in 0.00 ms.
Unloading 1114 Unused Serialized files (Serialized files now loaded: 0)
System memory in use before: 61.3 MB.
System memory in use after: 61.4 MB.

Unloading 5 unused Assets to reduce memory usage. Loaded Objects now: 1628.
Total: 7.502400 ms (FindLiveObjects: 0.313100 ms CreateObjectMapping: 0.126400 ms MarkObjects: 6.801900 ms  DeleteObjects: 0.256800 ms)

========================================================================
Received Prepare
Registering precompiled user dll's ...
Registered in 0.008777 seconds.
Begin MonoManager ReloadAssembly
Native extension for Lumin target not found
Native extension for LinuxStandalone target not found
Native extension for WindowsStandalone target not found
Native extension for OSXStandalone target not found
Refreshing native plugins compatible for Editor in 5.69 ms, found 0 plugins.
Preloading 0 native plugins for Editor in 0.00 ms.
Mono: successfully reloaded assembly
- Completed reload, in  9.748 seconds
Platform modules already initialized, skipping
Refreshing native plugins compatible for Editor in 0.58 ms, found 0 plugins.
Preloading 0 native plugins for Editor in 0.00 ms.
Unloading 1114 Unused Serialized files (Serialized files now loaded: 0)
System memory in use before: 61.3 MB.
System memory in use after: 61.4 MB.

Unloading 5 unused Assets to reduce memory usage. Loaded Objects now: 1631.
Total: 29.324000 ms (FindLiveObjects: 0.366500 ms CreateObjectMapping: 0.105600 ms MarkObjects: 28.631500 ms  DeleteObjects: 0.216600 ms)

========================================================================
Received Import Request.
  Time since last request: 2862.216754 seconds.
  path: Assets/Course Library/Powerup Indicators/SelectionRing_02.prefab
  artifactKey: Guid(923deea38dc6a8843b15db7638919c1e) Importer(815301076,1909f56bfc062723c751e8b465ee728b)
Start importing Assets/Course Library/Powerup Indicators/SelectionRing_02.prefab using Guid(923deea38dc6a8843b15db7638919c1e) Importer(815301076,1909f56bfc062723c751e8b465ee728b)  -> (artifact id: 'bcffac5bd2b113b659a8fbd797097170') in 4.153058 seconds
  Import took 4.289428 seconds .

========================================================================
Received Import Request.
  Time since last request: 0.646374 seconds.
  path: Assets/Course Library/Powerup Indicators/SelectionRing_03.prefab
  artifactKey: Guid(1656aec7f2b3ffe45a91801f58b00253) Importer(815301076,1909f56bfc062723c751e8b465ee728b)
Start importing Assets/Course Library/Powerup Indicators/SelectionRing_03.prefab using Guid(1656aec7f2b3ffe45a91801f58b00253) Importer(815301076,1909f56bfc062723c751e8b465ee728b)  -> (artifact id: 'c92673c40ff95cd61e52f6b0ed0e389f') in 0.332132 seconds
  Import took 0.367867 seconds .

========================================================================
Received Import Request.
  Time since last request: 1.309863 seconds.
  path: Assets/Course Library/Powerup Indicators/SelectionRing_06.prefab
  artifactKey: Guid(11a653b9169986c4f9436a3002fb4516) Importer(815301076,1909f56bfc062723c751e8b465ee728b)
Start importing Assets/Course Library/Powerup Indicators/SelectionRing_06.prefab using Guid(11a653b9169986c4f9436a3002fb4516) Importer(815301076,1909f56bfc062723c751e8b465ee728b)  -> (artifact id: '14c01b1611eccdbb12df0b55a0ec3584') in 0.375506 seconds
  Import took 0.396566 seconds .

========================================================================
Received Import Request.
  Time since last request: 2.092447 seconds.
  path: Assets/Course Library/Powerup Indicators/Balloon_01.prefab
  artifactKey: Guid(5e5b016a0cd771740aae0b664476d77d) Importer(815301076,1909f56bfc062723c751e8b465ee728b)
Start importing Assets/Course Library/Powerup Indicators/Balloon_01.prefab using Guid(5e5b016a0cd771740aae0b664476d77d) Importer(815301076,1909f56bfc062723c751e8b465ee728b)  -> (artifact id: '21ebb5412f91582f4079e66f76f789ca') in 0.414107 seconds
  Import took 0.461919 seconds .

========================================================================
Received Prepare
Registering precompiled user dll's ...
Registered in 0.004170 seconds.
Begin MonoManager ReloadAssembly
Native extension for Lumin target not found
Native extension for LinuxStandalone target not found
Native extension for WindowsStandalone target not found
Native extension for OSXStandalone target not found
Refreshing native plugins compatible for Editor in 0.47 ms, found 0 plugins.
Preloading 0 native plugins for Editor in 0.00 ms.
Mono: successfully reloaded assembly
- Completed reload, in  4.609 seconds
Platform modules already initialized, skipping
Refreshing native plugins compatible for Editor in 1.10 ms, found 0 plugins.
Preloading 0 native plugins for Editor in 0.00 ms.
Unloading 1114 Unused Serialized files (Serialized files now loaded: 0)
System memory in use before: 61.4 MB.
System memory in use after: 61.4 MB.

Unloading 5 unused Assets to reduce memory usage. Loaded Objects now: 1635.
Total: 8.194700 ms (FindLiveObjects: 0.595200 ms CreateObjectMapping: 0.146300 ms MarkObjects: 6.784900 ms  DeleteObjects: 0.661900 ms)

========================================================================
Received Prepare
Registering precompiled user dll's ...
Registered in 0.039021 seconds.
Begin MonoManager ReloadAssembly
Native extension for Lumin target not found
Native extension for LinuxStandalone target not found
Native extension for WindowsStandalone target not found
Native extension for OSXStandalone target not found
Refreshing native plugins compatible for Editor in 1.43 ms, found 0 plugins.
Preloading 0 native plugins for Editor in 0.00 ms.
Mono: successfully reloaded assembly
- Completed reload, in 30.658 seconds
Platform modules already initialized, skipping
Refreshing native plugins compatible for Editor in 0.84 ms, found 0 plugins.
Preloading 0 native plugins for Editor in 0.00 ms.
Unloading 1114 Unused Serialized files (Serialized files now loaded: 0)
System memory in use before: 61.4 MB.
System memory in use after: 61.4 MB.

Unloading 5 unused Assets to reduce memory usage. Loaded Objects now: 1638.
Total: 78.149600 ms (FindLiveObjects: 0.523200 ms CreateObjectMapping: 0.187700 ms MarkObjects: 61.855000 ms  DeleteObjects: 15.576300 ms)

========================================================================
Received Prepare
Registering precompiled user dll's ...
Registered in 0.006013 seconds.
Begin MonoManager ReloadAssembly
Native extension for Lumin target not found
Native extension for LinuxStandalone target not found
Native extension for WindowsStandalone target not found
Native extension for OSXStandalone target not found
Refreshing native plugins compatible for Editor in 1.28 ms, found 0 plugins.
Preloading 0 native plugins for Editor in 0.00 ms.
Mono: successfully reloaded assembly
- Completed reload, in 16.364 seconds
Platform modules already initialized, skipping
Refreshing native plugins compatible for Editor in 0.84 ms, found 0 plugins.
Preloading 0 native plugins for Editor in 0.00 ms.
Unloading 1114 Unused Serialized files (Serialized files now loaded: 0)
System memory in use before: 61.4 MB.
System memory in use after: 61.4 MB.

Unloading 5 unused Assets to reduce memory usage. Loaded Objects now: 1641.
Total: 99.226600 ms (FindLiveObjects: 0.528600 ms CreateObjectMapping: 0.192200 ms MarkObjects: 84.320600 ms  DeleteObjects: 14.166600 ms)

========================================================================
Received Prepare
Registering precompiled user dll's ...
Registered in 0.205207 seconds.
Begin MonoManager ReloadAssembly
Native extension for Lumin target not found
Native extension for LinuxStandalone target not found
Native extension for WindowsStandalone target not found
Native extension for OSXStandalone target not found
Refreshing native plugins compatible for Editor in 0.93 ms, found 0 plugins.
Preloading 0 native plugins for Editor in 0.00 ms.
Mono: successfully reloaded assembly
- Completed reload, in 217.143 seconds
Platform modules already initialized, skipping
Refreshing native plugins compatible for Editor in 1.71 ms, found 0 plugins.
Preloading 0 native plugins for Editor in 0.00 ms.
Unloading 1114 Unused Serialized files (Serialized files now loaded: 0)
System memory in use before: 61.4 MB.
System memory in use after: 61.4 MB.

Unloading 5 unused Assets to reduce memory usage. Loaded Objects now: 1644.
Total: 581.846400 ms (FindLiveObjects: 0.672900 ms CreateObjectMapping: 0.194500 ms MarkObjects: 363.554100 ms  DeleteObjects: 217.414400 ms)

========================================================================
Received Prepare
Registering precompiled user dll's ...
Registered in 0.002887 seconds.
Begin MonoManager ReloadAssembly
Native extension for Lumin target not found
Native extension for LinuxStandalone target not found
Native extension for WindowsStandalone target not found
Native extension for OSXStandalone target not found
Refreshing native plugins compatible for Editor in 1.83 ms, found 0 plugins.
Preloading 0 native plugins for Editor in 0.00 ms.
Mono: successfully reloaded assembly
- Completed reload, in  9.821 seconds
Platform modules already initialized, skipping
Refreshing native plugins compatible for Editor in 0.41 ms, found 0 plugins.
Preloading 0 native plugins for Editor in 0.00 ms.
Unloading 1114 Unused Serialized files (Serialized files now loaded: 0)
System memory in use before: 61.4 MB.
System memory in use after: 61.5 MB.

Unloading 5 unused Assets to reduce memory usage. Loaded Objects now: 1647.
Total: 7.398200 ms (FindLiveObjects: 0.227800 ms CreateObjectMapping: 0.089700 ms MarkObjects: 6.941400 ms  DeleteObjects: 0.135300 ms)

========================================================================
Received Import Request.
  Time since last request: 8762.085346 seconds.
  path: Assets/Scripts/Enemy.cs
  artifactKey: Guid(6378a7f3558536f4da1a2393964a2786) Importer(815301076,1909f56bfc062723c751e8b465ee728b)
Start importing Assets/Scripts/Enemy.cs using Guid(6378a7f3558536f4da1a2393964a2786) Importer(815301076,1909f56bfc062723c751e8b465ee728b)  -> (artifact id: '8ce76f3695625dcf7aec36fdafe7178e') in 2.111342 seconds
  Import took 2.303613 seconds .

========================================================================
Received Import Request.
  Time since last request: 315.536682 seconds.
  path: Assets/Prefabs/Powerup.prefab
  artifactKey: Guid(3dec8ade29b438246893362631947b3b) Importer(815301076,1909f56bfc062723c751e8b465ee728b)
Start importing Assets/Prefabs/Powerup.prefab using Guid(3dec8ade29b438246893362631947b3b) Importer(815301076,1909f56bfc062723c751e8b465ee728b)  -> (artifact id: '1455c5d6685f65cd28dbcbd4846c8118') in 11.686681 seconds
  Import took 11.762987 seconds .

========================================================================
Received Import Request.
  Time since last request: 1.355759 seconds.
  path: Assets/Course Library/_Source_Files/FBX/SM_Icon_SelectionRing_03.fbx
  artifactKey: Guid(64f14742378b85b4ba87441822264580) Importer(815301076,1909f56bfc062723c751e8b465ee728b)
Start importing Assets/Course Library/_Source_Files/FBX/SM_Icon_SelectionRing_03.fbx using Guid(64f14742378b85b4ba87441822264580) Importer(815301076,1909f56bfc062723c751e8b465ee728b)  -> (artifact id: '19781eed231b6c33e07e0b4ff94b8bda') in 9.360737 seconds
  Import took 9.542101 seconds .

========================================================================
Received Import Request.
  Time since last request: 0.357022 seconds.
  path: Assets/Course Library/_Source_Files/Materials/PolygonPrototype_Texture_01.mat
  artifactKey: Guid(41680dad0f0243748b4e228f49a2e3c4) Importer(815301076,1909f56bfc062723c751e8b465ee728b)
Start importing Assets/Course Library/_Source_Files/Materials/PolygonPrototype_Texture_01.mat using Guid(41680dad0f0243748b4e228f49a2e3c4) Importer(815301076,1909f56bfc062723c751e8b465ee728b)  -> (artifact id: '3ab58425670631e7f2a1492d705e1931') in 8.881388 seconds
  Import took 9.032829 seconds .

========================================================================
Received Import Request.
  Time since last request: 2.266985 seconds.
  path: Assets/Course Library/_Source_Files/FBX/SI_MultiplierIcon.fbx
  artifactKey: Guid(7b2e43c7f0b75f54789417d03a4eb3cb) Importer(815301076,1909f56bfc062723c751e8b465ee728b)
Start importing Assets/Course Library/_Source_Files/FBX/SI_MultiplierIcon.fbx using Guid(7b2e43c7f0b75f54789417d03a4eb3cb) Importer(815301076,1909f56bfc062723c751e8b465ee728b)  -> (artifact id: 'd052f0803bc9d0a4d07051419f22f2cb') in 0.290640 seconds
  Import took 0.333814 seconds .

========================================================================
Received Import Request.
  Time since last request: 0.374360 seconds.
  path: Assets/Course Library/Sky
  artifactKey: Guid(9fb9a28e9debe493caa0fac03c12d2c2) Importer(815301076,1909f56bfc062723c751e8b465ee728b)
Start importing Assets/Course Library/Sky using Guid(9fb9a28e9debe493caa0fac03c12d2c2) Importer(815301076,1909f56bfc062723c751e8b465ee728b)  -> (artifact id: 'eb711f1e67252048b0c97249c5bd9af6') in 0.046830 seconds
  Import took 0.102875 seconds .

========================================================================
Received Import Request.
  Time since last request: 0.614375 seconds.
  path: Assets/Course Library/_Source_Files/FBX/SI_PowerIcon.fbx
  artifactKey: Guid(44cb397c8b73c2f40bfa05c2199ffa2b) Importer(815301076,1909f56bfc062723c751e8b465ee728b)
Start importing Assets/Course Library/_Source_Files/FBX/SI_PowerIcon.fbx using Guid(44cb397c8b73c2f40bfa05c2199ffa2b) Importer(815301076,1909f56bfc062723c751e8b465ee728b)  -> (artifact id: '251c76572a2f697b63372fd1f7ec1837') in 0.300099 seconds
  Import took 0.338915 seconds .

========================================================================
Received Import Request.
  Time since last request: 0.178195 seconds.
  path: Assets/Course Library/Pickups/FireIcon.prefab
  artifactKey: Guid(18d064e59e399ac4ebf74eada94947af) Importer(815301076,1909f56bfc062723c751e8b465ee728b)
Start importing Assets/Course Library/Pickups/FireIcon.prefab using Guid(18d064e59e399ac4ebf74eada94947af) Importer(815301076,1909f56bfc062723c751e8b465ee728b)  -> (artifact id: '09196da37f0f36dd0d6d308d3a0262cd') in 0.211845 seconds
  Import took 0.257371 seconds .

========================================================================
Received Import Request.
  Time since last request: 0.883551 seconds.
  path: Assets/Course Library/_Source_Files/FBX/SM_Icon_Balloon_01.fbx
  artifactKey: Guid(2b1600b8b48e3ac4c87e5d81a4153ab7) Importer(815301076,1909f56bfc062723c751e8b465ee728b)
Start importing Assets/Course Library/_Source_Files/FBX/SM_Icon_Balloon_01.fbx using Guid(2b1600b8b48e3ac4c87e5d81a4153ab7) Importer(815301076,1909f56bfc062723c751e8b465ee728b)  -> (artifact id: 'f5a7d2661c770a940c673f7a1f86a857') in 1.128890 seconds
  Import took 1.148087 seconds .

========================================================================
Received Import Request.
  Time since last request: 0.572699 seconds.
  path: Assets/Course Library/_Source_Files/Textures/SimpleIcons_Texture.png
  artifactKey: Guid(3e3e7739c37f6df4a9ac958352bdd251) Importer(815301076,1909f56bfc062723c751e8b465ee728b)
Start importing Assets/Course Library/_Source_Files/Textures/SimpleIcons_Texture.png using Guid(3e3e7739c37f6df4a9ac958352bdd251) Importer(815301076,1909f56bfc062723c751e8b465ee728b)  -> (artifact id: '6804f0de644c57f44023974ffac1052e') in 1.342305 seconds
  Import took 1.388084 seconds .

========================================================================
Received Import Request.
  Time since last request: 0.519669 seconds.
  path: Assets/Course Library/_Source_Files/FBX/SM_Icon_SelectionRing_02.fbx
  artifactKey: Guid(f53a62680c316ef41be1a025e7add452) Importer(815301076,1909f56bfc062723c751e8b465ee728b)
Start importing Assets/Course Library/_Source_Files/FBX/SM_Icon_SelectionRing_02.fbx using Guid(f53a62680c316ef41be1a025e7add452) Importer(815301076,1909f56bfc062723c751e8b465ee728b)  -> (artifact id: 'd22c11714f68cb004833c64be16054d2') in 0.228632 seconds
  Import took 0.255511 seconds .

========================================================================
Received Import Request.
  Time since last request: 0.356908 seconds.
  path: Assets/Course Library/_Source_Files/FBX/SM_Icon_Potion_02.fbx
  artifactKey: Guid(bbe7d787b124aa64481203efb7463c45) Importer(815301076,1909f56bfc062723c751e8b465ee728b)
Start importing Assets/Course Library/_Source_Files/FBX/SM_Icon_Potion_02.fbx using Guid(bbe7d787b124aa64481203efb7463c45) Importer(815301076,1909f56bfc062723c751e8b465ee728b)  -> (artifact id: 'f4f7c5f1177849ad8af0b1500e30756a') in 0.325883 seconds
  Import took 0.336456 seconds .

========================================================================
Received Import Request.
  Time since last request: 0.345806 seconds.
  path: Assets/Course Library/Ground/Ground_Tile_Hex_FloatingIsland_01.prefab
  artifactKey: Guid(961be46ca9a355943ae3f65c47741bb0) Importer(815301076,1909f56bfc062723c751e8b465ee728b)
Start importing Assets/Course Library/Ground/Ground_Tile_Hex_FloatingIsland_01.prefab using Guid(961be46ca9a355943ae3f65c47741bb0) Importer(815301076,1909f56bfc062723c751e8b465ee728b)  -> (artifact id: '02587952f2defe64862e5fc671e9be0d') in 0.285481 seconds
  Import took 0.320989 seconds .

========================================================================
Received Import Request.
  Time since last request: 0.395703 seconds.
  path: Assets/Course Library/_Source_Files/Materials/FX_Mist.prefab
  artifactKey: Guid(3fd5555088952419ebf0eb82e9096fa5) Importer(815301076,1909f56bfc062723c751e8b465ee728b)
Start importing Assets/Course Library/_Source_Files/Materials/FX_Mist.prefab using Guid(3fd5555088952419ebf0eb82e9096fa5) Importer(815301076,1909f56bfc062723c751e8b465ee728b)  -> (artifact id: 'e03aad5133e1176178cae770317bc898') in 0.765962 seconds
  Import took 0.820505 seconds .

========================================================================
Received Import Request.
  Time since last request: 0.110131 seconds.
  path: Assets/Course Library/Ground/Ground_Tile_Cube_FloatingIsland_01.prefab
  artifactKey: Guid(c18b0566c0ca32548acca53d337698db) Importer(815301076,1909f56bfc062723c751e8b465ee728b)
Start importing Assets/Course Library/Ground/Ground_Tile_Cube_FloatingIsland_01.prefab using Guid(c18b0566c0ca32548acca53d337698db) Importer(815301076,1909f56bfc062723c751e8b465ee728b)  -> (artifact id: 'c7bf7110060223a96cd833841f3b6e0b') in 0.221966 seconds
  Import took 0.279524 seconds .

========================================================================
Received Import Request.
  Time since last request: 0.278432 seconds.
  path: Assets/Scenes/Prototype 4.unity
  artifactKey: Guid(a4b96ad7a65484fd4a83cb97540eee50) Importer(815301076,1909f56bfc062723c751e8b465ee728b)
Start importing Assets/Scenes/Prototype 4.unity using Guid(a4b96ad7a65484fd4a83cb97540eee50) Importer(815301076,1909f56bfc062723c751e8b465ee728b)  -> (artifact id: '49f3b37f0effc12fc9327691e6496265') in 0.996294 seconds
  Import took 1.026375 seconds .

========================================================================
Received Import Request.
  Time since last request: 0.321514 seconds.
  path: Assets/Course Library/_Source_Files/FBX/SI_RepairIcon.fbx
  artifactKey: Guid(a23ff2708d9482e42b37fcc0c30dde67) Importer(815301076,1909f56bfc062723c751e8b465ee728b)
Start importing Assets/Course Library/_Source_Files/FBX/SI_RepairIcon.fbx using Guid(a23ff2708d9482e42b37fcc0c30dde67) Importer(815301076,1909f56bfc062723c751e8b465ee728b)  -> (artifact id: 'ee4ecf4aee0feba8eaac63492fe6dad5') in 0.612618 seconds
  Import took 0.676484 seconds .

========================================================================
Received Import Request.
  Time since last request: 0.175118 seconds.
  path: Assets/Course Library/_Source_Files/FBX/SI_RadiationIcon.fbx
  artifactKey: Guid(658d96199cc7d3b4880fa76714523436) Importer(815301076,1909f56bfc062723c751e8b465ee728b)
Start importing Assets/Course Library/_Source_Files/FBX/SI_RadiationIcon.fbx using Guid(658d96199cc7d3b4880fa76714523436) Importer(815301076,1909f56bfc062723c751e8b465ee728b)  -> (artifact id: 'a4789f36bc5cbf1d2fa028d466e6b387') in 0.321071 seconds
  Import took 0.451666 seconds .

========================================================================
Received Import Request.
  Time since last request: 0.218540 seconds.
  path: Assets/Course Library/_Source_Files/FBX
  artifactKey: Guid(7b51721fc7cba7a47b1cb71184a00c32) Importer(815301076,1909f56bfc062723c751e8b465ee728b)
Start importing Assets/Course Library/_Source_Files/FBX using Guid(7b51721fc7cba7a47b1cb71184a00c32) Importer(815301076,1909f56bfc062723c751e8b465ee728b)  -> (artifact id: 'b0134452e6b21e0864b63ea7f762f5f8') in 0.048287 seconds
  Import took 0.142940 seconds .

========================================================================
Received Import Request.
  Time since last request: 0.127881 seconds.
  path: Assets/Course Library/Textures/PolygonPrototype_Texture_Grid_06.png
  artifactKey: Guid(bbc54c0e722a346408cd09eef6dc0cd6) Importer(815301076,1909f56bfc062723c751e8b465ee728b)
Start importing Assets/Course Library/Textures/PolygonPrototype_Texture_Grid_06.png using Guid(bbc54c0e722a346408cd09eef6dc0cd6) Importer(815301076,1909f56bfc062723c751e8b465ee728b)  -> (artifact id: '2b869cce96de44581a35774462cf2f6b') in 0.281171 seconds
  Import took 0.350440 seconds .

========================================================================
Received Import Request.
  Time since last request: 0.048923 seconds.
  path: Assets/Course Library/Textures
  artifactKey: Guid(8374f953160f8474da736dfbd18217e0) Importer(815301076,1909f56bfc062723c751e8b465ee728b)
Start importing Assets/Course Library/Textures using Guid(8374f953160f8474da736dfbd18217e0) Importer(815301076,1909f56bfc062723c751e8b465ee728b)  -> (artifact id: '25dbdaaa031a010aa5bac5f32eeadaab') in 0.081451 seconds
  Import took 0.185674 seconds .

========================================================================
Received Import Request.
  Time since last request: 0.134108 seconds.
  path: Assets/Course Library/_Source_Files/FBX/SkyDome.fbx
  artifactKey: Guid(1340630fb7a3267499177be33f281f05) Importer(815301076,1909f56bfc062723c751e8b465ee728b)
Start importing Assets/Course Library/_Source_Files/FBX/SkyDome.fbx using Guid(1340630fb7a3267499177be33f281f05) Importer(815301076,1909f56bfc062723c751e8b465ee728b)  -> (artifact id: '426537893e8858b298e0f7d7654bc99d') in 0.263328 seconds
  Import took 0.279358 seconds .

========================================================================
Received Import Request.
  Time since last request: 0.083959 seconds.
  path: Assets/Course Library/_Source_Files/Textures/PolygonMinis_Texture_01.png
  artifactKey: Guid(65bf252a1d0243b40a63ee08ad703289) Importer(815301076,1909f56bfc062723c751e8b465ee728b)
Start importing Assets/Course Library/_Source_Files/Textures/PolygonMinis_Texture_01.png using Guid(65bf252a1d0243b40a63ee08ad703289) Importer(815301076,1909f56bfc062723c751e8b465ee728b)  -> (artifact id: 'aa5a51a5705158eb2a26af44c538cad9') in 0.169140 seconds
  Import took 0.203533 seconds .

========================================================================
Received Import Request.
  Time since last request: 0.163195 seconds.
  path: Assets/Course Library/_Source_Files/Textures/SimpleSky.png
  artifactKey: Guid(7bab9ac1487e10c40b9ed77d4c551e04) Importer(815301076,1909f56bfc062723c751e8b465ee728b)
Start importing Assets/Course Library/_Source_Files/Textures/SimpleSky.png using Guid(7bab9ac1487e10c40b9ed77d4c551e04) Importer(815301076,1909f56bfc062723c751e8b465ee728b)  -> (artifact id: 'b73b711b60568cfb85b34e584d409496') in 0.233503 seconds
  Import took 0.292077 seconds .

========================================================================
Received Import Request.
  Time since last request: 0.168061 seconds.
  path: Assets/Course Library/_Source_Files/FBX/SM_Icon_SelectionRing_06.fbx
  artifactKey: Guid(3d6b592f14dafe34c86b57060d33f7d2) Importer(815301076,1909f56bfc062723c751e8b465ee728b)
Start importing Assets/Course Library/_Source_Files/FBX/SM_Icon_SelectionRing_06.fbx using Guid(3d6b592f14dafe34c86b57060d33f7d2) Importer(815301076,1909f56bfc062723c751e8b465ee728b)  -> (artifact id: 'a5aea582eb4bcad02926af7134f22d28') in 0.416675 seconds
  Import took 0.453239 seconds .

========================================================================
Received Import Request.
  Time since last request: 0.103489 seconds.
  path: Assets/Course Library/_Source_Files/Textures/PolygonMinis_Texture_01_Purple.png
  artifactKey: Guid(9b654102de6ae3749a41941671a2cbe7) Importer(815301076,1909f56bfc062723c751e8b465ee728b)
Start importing Assets/Course Library/_Source_Files/Textures/PolygonMinis_Texture_01_Purple.png using Guid(9b654102de6ae3749a41941671a2cbe7) Importer(815301076,1909f56bfc062723c751e8b465ee728b)  -> (artifact id: '38ffd5431cde48c59e72609bb06c22af') in 0.157962 seconds
  Import took 0.203340 seconds .

========================================================================
Received Import Request.
  Time since last request: 0.036667 seconds.
  path: Assets/Course Library/_Source_Files/Materials
  artifactKey: Guid(5b52054e701663240a465cc7d040c925) Importer(815301076,1909f56bfc062723c751e8b465ee728b)
Start importing Assets/Course Library/_Source_Files/Materials using Guid(5b52054e701663240a465cc7d040c925) Importer(815301076,1909f56bfc062723c751e8b465ee728b)  -> (artifact id: '218ededa7b2f5db5e7eabff2b7a47f42') in 0.101187 seconds
  Import took 0.123646 seconds .

========================================================================
Received Import Request.
  Time since last request: 0.094976 seconds.
  path: Assets/Course Library/Textures/PolygonPrototype_Texture_Grid_04.png
  artifactKey: Guid(c7c5239ae4b2ace4d8774918a50a940a) Importer(815301076,1909f56bfc062723c751e8b465ee728b)
Start importing Assets/Course Library/Textures/PolygonPrototype_Texture_Grid_04.png using Guid(c7c5239ae4b2ace4d8774918a50a940a) Importer(815301076,1909f56bfc062723c751e8b465ee728b)  -> (artifact id: '133ea92e8a53d359393b0d09f35ef925') in 0.245692 seconds
  Import took 0.287367 seconds .

========================================================================
Received Import Request.
  Time since last request: 0.072996 seconds.
  path: Assets/Course Library/Ground
  artifactKey: Guid(efafaf37aee603d4c84285f594a32b00) Importer(815301076,1909f56bfc062723c751e8b465ee728b)
Start importing Assets/Course Library/Ground using Guid(efafaf37aee603d4c84285f594a32b00) Importer(815301076,1909f56bfc062723c751e8b465ee728b)  -> (artifact id: 'ace4052cdb7f5eaa4907fa2833d74520') in 0.043556 seconds
  Import took 0.051446 seconds .

========================================================================
Received Import Request.
  Time since last request: 0.158559 seconds.
  path: Assets/Course Library/_Source_Files/FBX/SM_Tile_Cube_FloatingIsland_01.fbx
  artifactKey: Guid(8654e43d5b3a28d4f821bc6203abdf26) Importer(815301076,1909f56bfc062723c751e8b465ee728b)
Start importing Assets/Course Library/_Source_Files/FBX/SM_Tile_Cube_FloatingIsland_01.fbx using Guid(8654e43d5b3a28d4f821bc6203abdf26) Importer(815301076,1909f56bfc062723c751e8b465ee728b)  -> (artifact id: 'fa2fabdab4883f39d4bcff20bad9161d') in 0.238476 seconds
  Import took 0.254329 seconds .

========================================================================
Received Import Request.
  Time since last request: 0.097384 seconds.
  path: Assets/Prefabs
  artifactKey: Guid(b176a78c2adc14448ac0e92fe9adfbdf) Importer(815301076,1909f56bfc062723c751e8b465ee728b)
Start importing Assets/Prefabs using Guid(b176a78c2adc14448ac0e92fe9adfbdf) Importer(815301076,1909f56bfc062723c751e8b465ee728b)  -> (artifact id: '2129fd29b6221509e5f8155962bab493') in 0.077660 seconds
  Import took 0.084489 seconds .

========================================================================
Received Import Request.
  Time since last request: 0.029449 seconds.
  path: Assets/Course Library/Pickups
  artifactKey: Guid(164fecffc3f077d4c82dbf367a6267a5) Importer(815301076,1909f56bfc062723c751e8b465ee728b)
Start importing Assets/Course Library/Pickups using Guid(164fecffc3f077d4c82dbf367a6267a5) Importer(815301076,1909f56bfc062723c751e8b465ee728b)  -> (artifact id: 'b939d627d897e36fbd93b7fa1f54207c') in 0.032941 seconds
  Import took 0.055977 seconds .

========================================================================
Received Import Request.
  Time since last request: 0.272308 seconds.
  path: Assets/Course Library/_Source_Files/FBX/SM_Icon_Star_01.fbx
  artifactKey: Guid(f7ec8369cac1a7e4ab36747b35f91c24) Importer(815301076,1909f56bfc062723c751e8b465ee728b)
Start importing Assets/Course Library/_Source_Files/FBX/SM_Icon_Star_01.fbx using Guid(f7ec8369cac1a7e4ab36747b35f91c24) Importer(815301076,1909f56bfc062723c751e8b465ee728b)  -> (artifact id: 'acb6eec58c727faff12bdac12ab1cad4') in 0.144594 seconds
  Import took 0.157804 seconds .

========================================================================
Received Import Request.
  Time since last request: 0.044123 seconds.
  path: Assets/Course Library/_Source_Files/Materials/PolygonMinis_Fantasy_01.mat
  artifactKey: Guid(a16b7b85a356b7d469067849a165dcff) Importer(815301076,1909f56bfc062723c751e8b465ee728b)
Start importing Assets/Course Library/_Source_Files/Materials/PolygonMinis_Fantasy_01.mat using Guid(a16b7b85a356b7d469067849a165dcff) Importer(815301076,1909f56bfc062723c751e8b465ee728b)  -> (artifact id: 'faccc1a137c3cd9e2049c1e6c5a8964c') in 0.112275 seconds
  Import took 0.157232 seconds .

========================================================================
Received Import Request.
  Time since last request: 0.105488 seconds.
  path: Assets/Course Library/Materials
  artifactKey: Guid(1b98dadc1d5db4b47bc6c03324a4338f) Importer(815301076,1909f56bfc062723c751e8b465ee728b)
Start importing Assets/Course Library/Materials using Guid(1b98dadc1d5db4b47bc6c03324a4338f) Importer(815301076,1909f56bfc062723c751e8b465ee728b)  -> (artifact id: '748697354c485e070017fb7c6b42858a') in 0.049263 seconds
  Import took 0.058807 seconds .

========================================================================
Received Import Request.
  Time since last request: 0.026331 seconds.
  path: Assets/Physics Material/Bouncy.physicMaterial
  artifactKey: Guid(c21527b994b734043a6f4967f555f648) Importer(815301076,1909f56bfc062723c751e8b465ee728b)
Start importing Assets/Physics Material/Bouncy.physicMaterial using Guid(c21527b994b734043a6f4967f555f648) Importer(815301076,1909f56bfc062723c751e8b465ee728b)  -> (artifact id: 'fefd0fa7b82747ee1b9cde48a1cb402a') in 0.210685 seconds
  Import took 0.251673 seconds .

========================================================================
Received Import Request.
  Time since last request: 0.061585 seconds.
  path: Assets/Course Library/_Source_Files
  artifactKey: Guid(0a11fcdc511c6724095926c167391bd6) Importer(815301076,1909f56bfc062723c751e8b465ee728b)
Start importing Assets/Course Library/_Source_Files using Guid(0a11fcdc511c6724095926c167391bd6) Importer(815301076,1909f56bfc062723c751e8b465ee728b)  -> (artifact id: '9d944d38d8aaf02da520af3f41d3de8b') in 0.090658 seconds
  Import took 0.130192 seconds .

========================================================================
Received Import Request.
  Time since last request: 0.060034 seconds.
  path: Assets/Course Library/Materials/PolygonPrototype_Texture_Grid_02.mat
  artifactKey: Guid(f1f3179df6c4f7943b925e459575f164) Importer(815301076,1909f56bfc062723c751e8b465ee728b)
Start importing Assets/Course Library/Materials/PolygonPrototype_Texture_Grid_02.mat using Guid(f1f3179df6c4f7943b925e459575f164) Importer(815301076,1909f56bfc062723c751e8b465ee728b)  -> (artifact id: 'd4023f4c7db35ad28b335cd2f9394927') in 0.558269 seconds
  Import took 0.593836 seconds .

========================================================================
Received Import Request.
  Time since last request: 0.229669 seconds.
  path: Assets/Course Library/Textures/PolygonPrototype_Texture_Grid_05.png
  artifactKey: Guid(8634f8cf5ba74134c972fb2d36355077) Importer(815301076,1909f56bfc062723c751e8b465ee728b)
Start importing Assets/Course Library/Textures/PolygonPrototype_Texture_Grid_05.png using Guid(8634f8cf5ba74134c972fb2d36355077) Importer(815301076,1909f56bfc062723c751e8b465ee728b)  -> (artifact id: 'fbd43451b724565439e00d98a630f2d1') in 0.234593 seconds
  Import took 0.246685 seconds .

========================================================================
Received Import Request.
  Time since last request: 0.248248 seconds.
  path: Assets/Scripts/SpawnManager.cs
  artifactKey: Guid(5dd9870c144bb004da42e28c4dec50b0) Importer(815301076,1909f56bfc062723c751e8b465ee728b)
Start importing Assets/Scripts/SpawnManager.cs using Guid(5dd9870c144bb004da42e28c4dec50b0) Importer(815301076,1909f56bfc062723c751e8b465ee728b)  -> (artifact id: '0d274f995af518e9ad8b37fe90b87620') in 0.048723 seconds
  Import took 0.080654 seconds .

========================================================================
Received Import Request.
  Time since last request: 0.211612 seconds.
  path: Assets/Course Library/_Source_Files/Textures/PolygonPrototype_Texture_01.png
  artifactKey: Guid(86cb957541c7c8542a6306ffb82e6833) Importer(815301076,1909f56bfc062723c751e8b465ee728b)
Start importing Assets/Course Library/_Source_Files/Textures/PolygonPrototype_Texture_01.png using Guid(86cb957541c7c8542a6306ffb82e6833) Importer(815301076,1909f56bfc062723c751e8b465ee728b)  -> (artifact id: '11d9813a49dc64a3c1c6b2345494d4e6') in 0.107441 seconds
  Import took 0.116934 seconds .

========================================================================
Received Import Request.
  Time since last request: 0.057644 seconds.
  path: Assets/Course Library/Materials/PolygonPrototype_Texture_Grid_06.mat
  artifactKey: Guid(4f3b863dc66369d40aaf120fafa73709) Importer(815301076,1909f56bfc062723c751e8b465ee728b)
Start importing Assets/Course Library/Materials/PolygonPrototype_Texture_Grid_06.mat using Guid(4f3b863dc66369d40aaf120fafa73709) Importer(815301076,1909f56bfc062723c751e8b465ee728b)  -> (artifact id: 'c377a21e936acec69dcb55ce1c732a6f') in 0.361917 seconds
  Import took 0.372190 seconds .

========================================================================
Received Import Request.
  Time since last request: 0.449821 seconds.
  path: Assets/Course Library/_Source_Files/Materials/SimpleIcons.mat
  artifactKey: Guid(9c0880e4cd8a8704e82b6940624b569a) Importer(815301076,1909f56bfc062723c751e8b465ee728b)
Start importing Assets/Course Library/_Source_Files/Materials/SimpleIcons.mat using Guid(9c0880e4cd8a8704e82b6940624b569a) Importer(815301076,1909f56bfc062723c751e8b465ee728b)  -> (artifact id: 'bc03ba7a72aebf29cce93db7aa0374dc') in 0.181901 seconds
  Import took 0.193859 seconds .

========================================================================
Received Import Request.
  Time since last request: 0.423938 seconds.
  path: Assets/Course Library/Textures/PolygonPrototype_Texture_Grid_02.png
  artifactKey: Guid(6b38ffdcc39b96042a822bb3f490eefd) Importer(815301076,1909f56bfc062723c751e8b465ee728b)
Start importing Assets/Course Library/Textures/PolygonPrototype_Texture_Grid_02.png using Guid(6b38ffdcc39b96042a822bb3f490eefd) Importer(815301076,1909f56bfc062723c751e8b465ee728b)  -> (artifact id: '40aa1229dc9a460485427d9340f054b9') in 0.189253 seconds
  Import took 0.199506 seconds .

========================================================================
Received Import Request.
  Time since last request: 0.173433 seconds.
  path: Assets/Course Library/Materials/PolygonPrototype_Texture_Grid_Glass_01.mat
  artifactKey: Guid(5d62e980efa82b948aecdde5291b4bc3) Importer(815301076,1909f56bfc062723c751e8b465ee728b)
Start importing Assets/Course Library/Materials/PolygonPrototype_Texture_Grid_Glass_01.mat using Guid(5d62e980efa82b948aecdde5291b4bc3) Importer(815301076,1909f56bfc062723c751e8b465ee728b)  -> (artifact id: '6f8d0413ece26535cbb6c07ef359cad2') in 0.265922 seconds
  Import took 0.291194 seconds .

========================================================================
Received Import Request.
  Time since last request: 0.121490 seconds.
  path: Assets/Course Library/_Source_Files/FBX/SM_Tile_Hex_FloatingIsland_01.fbx
  artifactKey: Guid(8878a37eb67ddac4ead51890a31d6a18) Importer(815301076,1909f56bfc062723c751e8b465ee728b)
Start importing Assets/Course Library/_Source_Files/FBX/SM_Tile_Hex_FloatingIsland_01.fbx using Guid(8878a37eb67ddac4ead51890a31d6a18) Importer(815301076,1909f56bfc062723c751e8b465ee728b)  -> (artifact id: '93c666c22f64f791a3342bedef535298') in 0.228583 seconds
  Import took 0.244429 seconds .

========================================================================
Received Import Request.
  Time since last request: 0.227110 seconds.
  path: Assets/Course Library/Textures/PolygonPrototype_Texture_Grid_01.png
  artifactKey: Guid(2a09470ada0c47849ad79d26363f8e4a) Importer(815301076,1909f56bfc062723c751e8b465ee728b)
Start importing Assets/Course Library/Textures/PolygonPrototype_Texture_Grid_01.png using Guid(2a09470ada0c47849ad79d26363f8e4a) Importer(815301076,1909f56bfc062723c751e8b465ee728b)  -> (artifact id: '2dd444e1eacd3e6bfefc4503b93c9ef8') in 0.188913 seconds
  Import took 0.250204 seconds .

========================================================================
Received Import Request.
  Time since last request: 0.080034 seconds.
  path: Assets/Course Library/_Source_Files/FBX/SI_Symbol_Dollar.fbx
  artifactKey: Guid(513d5f56c48761f4f9782bfff612af87) Importer(815301076,1909f56bfc062723c751e8b465ee728b)
Start importing Assets/Course Library/_Source_Files/FBX/SI_Symbol_Dollar.fbx using Guid(513d5f56c48761f4f9782bfff612af87) Importer(815301076,1909f56bfc062723c751e8b465ee728b)  -> (artifact id: '2e4ad8ca5926e8cc1d84e2d76b509b7d') in 0.293607 seconds
  Import took 0.314358 seconds .

========================================================================
Received Import Request.
  Time since last request: 0.117054 seconds.
  path: Assets/Course Library/Materials/PolygonPrototype_Texture_Grid_08.mat
  artifactKey: Guid(b73bd498e163fe8488d1c572ebe23fd0) Importer(815301076,1909f56bfc062723c751e8b465ee728b)
Start importing Assets/Course Library/Materials/PolygonPrototype_Texture_Grid_08.mat using Guid(b73bd498e163fe8488d1c572ebe23fd0) Importer(815301076,1909f56bfc062723c751e8b465ee728b)  -> (artifact id: '12784be61c795c24cfe4c236fca886c1') in 0.211074 seconds
  Import took 0.221275 seconds .

========================================================================
Received Import Request.
  Time since last request: 0.380428 seconds.
  path: Assets/Course Library/Sky/SkyDome.prefab
  artifactKey: Guid(363a8f737719f4d2eafb35f885f3706f) Importer(815301076,1909f56bfc062723c751e8b465ee728b)
Start importing Assets/Course Library/Sky/SkyDome.prefab using Guid(363a8f737719f4d2eafb35f885f3706f) Importer(815301076,1909f56bfc062723c751e8b465ee728b)  -> (artifact id: '87553aecd20b078edf62f2e747b120cd') in 0.350247 seconds
  Import took 0.380407 seconds .

========================================================================
Received Import Request.
  Time since last request: 0.233654 seconds.
  path: Assets/Course Library/_Source_Files/Textures
  artifactKey: Guid(f422e7a7e563f38429548e0b5a070cc8) Importer(815301076,1909f56bfc062723c751e8b465ee728b)
Start importing Assets/Course Library/_Source_Files/Textures using Guid(f422e7a7e563f38429548e0b5a070cc8) Importer(815301076,1909f56bfc062723c751e8b465ee728b)  -> (artifact id: '82ff031fa8aa1ec669bfee985e331a6c') in 0.010122 seconds
  Import took 0.089153 seconds .

========================================================================
Received Import Request.
  Time since last request: 0.171353 seconds.
  path: Assets/Scenes
  artifactKey: Guid(4f50f3fa7f8aac5459f9e83c79874d43) Importer(815301076,1909f56bfc062723c751e8b465ee728b)
Start importing Assets/Scenes using Guid(4f50f3fa7f8aac5459f9e83c79874d43) Importer(815301076,1909f56bfc062723c751e8b465ee728b)  -> (artifact id: '094f1c8483d237d171514da6e1a4d0ba') in 0.029949 seconds
  Import took 0.040446 seconds .

========================================================================
Received Import Request.
  Time since last request: 0.390714 seconds.
  path: Assets/Course Library/_Source_Files/_LICENSE.txt
  artifactKey: Guid(6daf71e7a619b48adbeaaa274958dacf) Importer(815301076,1909f56bfc062723c751e8b465ee728b)
Start importing Assets/Course Library/_Source_Files/_LICENSE.txt using Guid(6daf71e7a619b48adbeaaa274958dacf) Importer(815301076,1909f56bfc062723c751e8b465ee728b)  -> (artifact id: 'b0556a68be24a0abdac37ef8210bb0a0') in 0.284405 seconds
  Import took 0.294566 seconds .

========================================================================
Received Import Request.
  Time since last request: 0.272713 seconds.
  path: Assets/Course Library/_Source_Files/FBX/SM_Icon_Gem_01.fbx
  artifactKey: Guid(c8e9a715daac24048a124a1f8e3487fa) Importer(815301076,1909f56bfc062723c751e8b465ee728b)
Start importing Assets/Course Library/_Source_Files/FBX/SM_Icon_Gem_01.fbx using Guid(c8e9a715daac24048a124a1f8e3487fa) Importer(815301076,1909f56bfc062723c751e8b465ee728b)  -> (artifact id: '95d1cac68c9c942acc9b9083969c9b98') in 0.137905 seconds
  Import took 0.168270 seconds .

========================================================================
Received Import Request.
  Time since last request: 0.051470 seconds.
  path: Assets/Course Library/_Source_Files/Materials/SimpleSky.mat
  artifactKey: Guid(e68f77e240a7f8643b5cc4253dc37516) Importer(815301076,1909f56bfc062723c751e8b465ee728b)
Start importing Assets/Course Library/_Source_Files/Materials/SimpleSky.mat using Guid(e68f77e240a7f8643b5cc4253dc37516) Importer(815301076,1909f56bfc062723c751e8b465ee728b)  -> (artifact id: '2d0afaad72dcde1f7ddfa7c944064a13') in 0.098498 seconds
  Import took 0.109591 seconds .

========================================================================
Received Import Request.
  Time since last request: 0.136366 seconds.
  path: Assets/Course Library/_Source_Files/FBX/SI_FireIcon.fbx
  artifactKey: Guid(31e6dd0b1a83d2545a63dfc9ef21c42f) Importer(815301076,1909f56bfc062723c751e8b465ee728b)
Start importing Assets/Course Library/_Source_Files/FBX/SI_FireIcon.fbx using Guid(31e6dd0b1a83d2545a63dfc9ef21c42f) Importer(815301076,1909f56bfc062723c751e8b465ee728b)  -> (artifact id: '39e63475068f5f3b8bd4c20a22d5c3d1') in 0.164999 seconds
  Import took 0.173123 seconds .

========================================================================
Received Import Request.
  Time since last request: 0.279349 seconds.
  path: Assets/Course Library/Materials/PolygonPrototype_Texture_Grid_07.mat
  artifactKey: Guid(033342af078f7fc4da3f97fe25706d31) Importer(815301076,1909f56bfc062723c751e8b465ee728b)
Start importing Assets/Course Library/Materials/PolygonPrototype_Texture_Grid_07.mat using Guid(033342af078f7fc4da3f97fe25706d31) Importer(815301076,1909f56bfc062723c751e8b465ee728b)  -> (artifact id: '9eb00fb73e9b579d2c006caa7bb888fc') in 0.307854 seconds
  Import took 0.320117 seconds .

========================================================================
Received Import Request.
  Time since last request: 0.064825 seconds.
  path: Assets/Scripts/PlayerController.cs
  artifactKey: Guid(679b50b5c30b0fd408d3679d804512cb) Importer(815301076,1909f56bfc062723c751e8b465ee728b)
Start importing Assets/Scripts/PlayerController.cs using Guid(679b50b5c30b0fd408d3679d804512cb) Importer(815301076,1909f56bfc062723c751e8b465ee728b)  -> (artifact id: '48a8355f699557c71218f78087f28798') in 0.028405 seconds
  Import took 0.095336 seconds .

========================================================================
Received Import Request.
  Time since last request: 0.063637 seconds.
  path: Assets/Course Library/_Source_Files/FBX/SI_GoldCupIcon.fbx
  artifactKey: Guid(823dde28ac754a14380d87d04313647b) Importer(815301076,1909f56bfc062723c751e8b465ee728b)
Start importing Assets/Course Library/_Source_Files/FBX/SI_GoldCupIcon.fbx using Guid(823dde28ac754a14380d87d04313647b) Importer(815301076,1909f56bfc062723c751e8b465ee728b)  -> (artifact id: 'bfd15de6035a218351ebc9b2c72f7512') in 0.158861 seconds
  Import took 0.186214 seconds .

========================================================================
Received Import Request.
  Time since last request: 0.414043 seconds.
  path: Assets/Course Library/Materials/PolygonPrototype_Texture_Grid_03.mat
  artifactKey: Guid(c8abd4dba01977f478f0d69a0a0e012e) Importer(815301076,1909f56bfc062723c751e8b465ee728b)
Start importing Assets/Course Library/Materials/PolygonPrototype_Texture_Grid_03.mat using Guid(c8abd4dba01977f478f0d69a0a0e012e) Importer(815301076,1909f56bfc062723c751e8b465ee728b)  -> (artifact id: '76fe458f7280fa565c6984c9c2db8304') in 0.146346 seconds
  Import took 0.181501 seconds .

