Using pre-set license
Built from '2020.3/staging' branch; Version is '2020.3.5f1 (8095aa901b9b) revision 8426922'; Using compiler version '192528614'; Build Type 'Release'
OS: 'Windows 10 Pro; OS build 19044.2364; Version 2009; 64bit' Language: 'en' Physical Memory: 4004 MB
BatchMode: 1, IsHumanControllingUs: 0, StartBugReporterOnCrash: 0, Is64bit: 1, IsPro: 0

 COMMAND LINE ARGUMENTS:
D:\CET REVIEWER\2020.3.5f1\Editor\Unity.exe
-adb2
-batchMode
-noUpm
-name
AssetImportWorker2
-projectPath
D:/CET REVIEWER/cpe40032-u4-lapay
-logFile
Logs/AssetImportWorker2.log
-srvPort
62425
Successfully changed project path to: D:/CET REVIEWER/cpe40032-u4-lapay
D:/CET REVIEWER/cpe40032-u4-lapay
Using Asset Import Pipeline V2.
